{"content": {"suites": {"0": {"status": {"total_pass": 1, "total_skip": 0, "total_xpass": 0, "total_xfail": 0, "total_rerun": 0, "total_fail": 2, "total_error": 0}, "tests": {"0": {"status": "FAIL", "message": "   selenium.common.exceptions.NoSuchElementException: Message: no such element: Unable to locate element: {\"method\":\"css selector\",\"selector\":\"[id=\"add-to-cart-sauce-labs-backpack\"]\"}\n     (Session info: chrome=134.0.6998.118); For documentation on this error, please visit: https://www.selenium.dev/documentation/webdriver/troubleshooting/errors#no-such-element-exception\n   Stacktrace:\n   \tGetHandleVerifier [0x00007FF629B2FE65+26629]\n   \t(No symbol) [0x00007FF629A96030]\n   \t(No symbol) [0x00007FF62992931A]\n   \t(No symbol) [0x00007FF62997F8E7]\n   \t(No symbol) [0x00007FF62997FB1C]\n   \t(No symbol) [0x00007FF6299D34A7]\n   \t(No symbol) [0x00007FF6299A7AEF]\n   \t(No symbol) [0x00007FF6299D0169]\n   \t(No symbol) [0x00007FF6299A7883]\n   \t(No symbol) [0x00007FF629970550]\n   \t(No symbol) [0x00007FF629971803]\n   \tGetHandleVerifier [0x00007FF629E872DD+3529853]\n   \tGetHandleVerifier [0x00007FF629E9DA42+3621858]\n   \tGetHandleVerifier [0x00007FF629E924F3+3575443]\n   \tGetHandleVerifier [0x00007FF629BFB79A+860474]\n   \t(No symbol) [0x00007FF629AA08AF]\n   \t(No symbol) [0x00007FF629A9CBE4]\n   \t(No symbol) [0x00007FF629A9CD86]\n   \t(No symbol) [0x00007FF629A8C2E9]\n   \tBaseThreadInitThunk [0x00007FFF14765550+16]\n   \tRtlUserThreadStart [0x00007FFF15D4485B+43]\n", "test_name": "test_run[chrome]", "rerun": "0"}, "1": {"status": "PASS", "message": "", "test_name": "test_run[firefox]", "rerun": "0"}, "2": {"status": "FAIL", "message": "   selenium.common.exceptions.NoSuchElementException: Message: no such element: Unable to locate element: {\"method\":\"css selector\",\"selector\":\"[id=\"add-to-cart-sauce-labs-backpack\"]\"}\n     (Session info: MicrosoftEdge=134.0.3124.72); For documentation on this error, please visit: https://www.selenium.dev/documentation/webdriver/troubleshooting/errors#no-such-element-exception\n   Stacktrace:\n   \tGetHandleVerifier [0x00007FF7EA5DA785+20677]\n   \tsimdutf::get_active_implementation [0x00007FF7EA536F30+492592]\n   \tMicrosoft::Applications::Events::EventProperty::to_string [0x00007FF7EA82DC3A+1807418]\n   \t(No symbol) [0x00007FF7EA3772AC]\n   \t(No symbol) [0x00007FF7EA37758B]\n   \t(No symbol) [0x00007FF7EA3B85A7]\n   \t(No symbol) [0x00007FF7EA39849F]\n   \t(No symbol) [0x00007FF7EA36D6ED]\n   \t(No symbol) [0x00007FF7EA3B5D61]\n   \t(No symbol) [0x00007FF7EA3981C3]\n   \t(No symbol) [0x00007FF7EA36CC36]\n   \t(No symbol) [0x00007FF7EA36C0C4]\n   \t(No symbol) [0x00007FF7EA36CA63]\n   \t(No symbol) [0x00007FF7EA4558DD]\n   \t(No symbol) [0x00007FF7EA461D42]\n   \t(No symbol) [0x00007FF7EA45A703]\n   \tMicrosoft::Applications::Events::EventProperty::to_string [0x00007FF7EA6B478A+262026]\n   \tsimdutf::get_active_implementation [0x00007FF7EA544661+547681]\n   \tsimdutf::get_active_implementation [0x00007FF7EA53D914+519700]\n   \tsimdutf::get_active_implementation [0x00007FF7EA53DA59+520025]\n   \tsimdutf::get_active_implementation [0x00007FF7EA52F606+461574]\n   \tBaseThreadInitThunk [0x00007FFF14765550+16]\n   \tRtlUserThreadStart [0x00007FFF15D4485B+43]\n", "test_name": "test_run[edge]", "rerun": "0"}}, "suite_name": "e_commerce/test_saucedemo.py"}}}, "date": "March 21, 2025", "start_time": 1742564306.503896, "total_suite": 1, "status": "FAIL", "status_list": {"pass": "1", "fail": "2", "skip": "0", "error": "0", "xpass": "0", "xfail": "0", "rerun": "0"}, "total_tests": "3"}